[MFLOG|0|2026-04-19T02:04:05.328078Z|runtime|0af754ac-007d-4559-8346-1993a8b5c785]<flow ChurnModelFlow step train_model> failed:
[MFLOG|0|2026-04-19T02:04:05.333259Z|runtime|c71be5c9-1dfc-4a61-b683-ced7888e6cc7]    Internal error
[MFLOG|0|2026-04-19T02:04:05.334249Z|runtime|92d4a8dd-c8a9-4efc-831b-f14d9dd5e632]Traceback (most recent call last):
[MFLOG|0|2026-04-19T02:04:05.334366Z|runtime|ef4a865a-ae93-4ef9-86c2-93dd1d22ab03]  File "/home/loother/cinvestav/cinvestav_machine_learning/.venv-jax-home/lib/python3.12/site-packages/metaflow/cli.py", line 727, in main
[MFLOG|0|2026-04-19T02:04:05.334446Z|runtime|47563eb4-1f16-4630-8cae-9168594c0c18]    start(auto_envvar_prefix="METAFLOW", obj=state)
[MFLOG|0|2026-04-19T02:04:05.334558Z|runtime|92dd19d4-1722-449e-b2ce-29c94f07e975]  File "/home/loother/cinvestav/cinvestav_machine_learning/.venv-jax-home/lib/python3.12/site-packages/metaflow/_vendor/click/core.py", line 829, in __call__
[MFLOG|0|2026-04-19T02:04:05.334640Z|runtime|11310dc2-7249-4244-bc2b-10e33e85b748]    return self.main(args, kwargs)
[MFLOG|0|2026-04-19T02:04:05.334684Z|runtime|2bd16fb5-514c-4fec-991e-b56f62680b81]           ^^^^^^^^^^^^^^^^^^^^^^^^^^
[MFLOG|0|2026-04-19T02:04:05.334806Z|runtime|e518da2f-300e-4225-a9c2-47dd731088ba]  File "/home/loother/cinvestav/cinvestav_machine_learning/.venv-jax-home/lib/python3.12/site-packages/metaflow/_vendor/click/core.py", line 782, in main
[MFLOG|0|2026-04-19T02:04:05.334954Z|runtime|f532b975-bc5c-4ebb-9a0b-ed9ea2ae1ad5]    rv = self.invoke(ctx)
[MFLOG|0|2026-04-19T02:04:05.335059Z|runtime|8693af98-25cc-4a66-8bf5-a47a5770928b]         ^^^^^^^^^^^^^^^^
[MFLOG|0|2026-04-19T02:04:05.335161Z|runtime|b7033cf0-8abc-4795-8e96-9ff3eff29051]  File "/home/loother/cinvestav/cinvestav_machine_learning/.venv-jax-home/lib/python3.12/site-packages/metaflow/cli_components/utils.py", line 69, in invoke
[MFLOG|0|2026-04-19T02:04:05.335259Z|runtime|5b64a934-e3d1-47be-b26c-22f628531258]    return _process_result(sub_ctx.command.invoke(sub_ctx))
[MFLOG|0|2026-04-19T02:04:05.335355Z|runtime|02e4f6ed-d143-44b2-9acb-299ad1db6122]                           ^^^^^^^^^^^^^^^^^^^^^^^^^^^^^^^
[MFLOG|0|2026-04-19T02:04:05.335450Z|runtime|9c10a930-6600-4016-a3b2-cecc121eefce]  File "/home/loother/cinvestav/cinvestav_machine_learning/.venv-jax-home/lib/python3.12/site-packages/metaflow/_vendor/click/core.py", line 1066, in invoke
[MFLOG|0|2026-04-19T02:04:05.335565Z|runtime|9d7604ef-90a6-4184-929e-0780a706e689]    return ctx.invoke(self.callback, ctx.params)
[MFLOG|0|2026-04-19T02:04:05.335666Z|runtime|b4efa9eb-1138-4dc7-a3a9-4db57b4f05bb]           ^^^^^^^^^^^^^^^^^^^^^^^^^^^^^^^^^^^^^^^
[MFLOG|0|2026-04-19T02:04:05.335778Z|runtime|604908c9-3c22-47c3-9de1-5ffe0b7440dd]  File "/home/loother/cinvestav/cinvestav_machine_learning/.venv-jax-home/lib/python3.12/site-packages/metaflow/_vendor/click/core.py", line 610, in invoke
[MFLOG|0|2026-04-19T02:04:05.335878Z|runtime|dd9c7e0b-bd94-4838-8164-47f489125e09]    return callback(args, kwargs)
[MFLOG|0|2026-04-19T02:04:05.335996Z|runtime|ca4b6483-fc06-4b9a-b6b3-a6289282932d]           ^^^^^^^^^^^^^^^^^^^^^^^^^
[MFLOG|0|2026-04-19T02:04:05.336097Z|runtime|ded3be7e-7613-414f-b05c-98b35f47e23f]  File "/home/loother/cinvestav/cinvestav_machine_learning/.venv-jax-home/lib/python3.12/site-packages/metaflow/tracing/__init__.py", line 27, in wrapper_func
[MFLOG|0|2026-04-19T02:04:05.336241Z|runtime|f936e81b-9167-4591-a2d8-27320c27bbfe]    return func(args, kwargs)
[MFLOG|0|2026-04-19T02:04:05.336363Z|runtime|45bd37db-9d05-427f-b062-855dab875d75]           ^^^^^^^^^^^^^^^^^^^^^
[MFLOG|0|2026-04-19T02:04:05.336494Z|runtime|4dedcd72-a567-45f0-a904-bcb8bee4a794]  File "/home/loother/cinvestav/cinvestav_machine_learning/.venv-jax-home/lib/python3.12/site-packages/metaflow/_vendor/click/decorators.py", line 21, in new_func
[MFLOG|0|2026-04-19T02:04:05.336598Z|runtime|aae49f80-3806-4a0a-b355-9c8420dc811d]    return f(get_current_context(), args, kwargs)
[MFLOG|0|2026-04-19T02:04:05.336710Z|runtime|a4dd56d2-f4bf-4163-94c4-225780bda580]           ^^^^^^^^^^^^^^^^^^^^^^^^^^^^^^^^^^^^^^^^^
[MFLOG|0|2026-04-19T02:04:05.336829Z|runtime|a81b3496-5ff3-4b9e-a9c1-417f93e6e086]  File "/home/loother/cinvestav/cinvestav_machine_learning/.venv-jax-home/lib/python3.12/site-packages/metaflow/cli_components/step_cmd.py", line 171, in step
[MFLOG|0|2026-04-19T02:04:05.336931Z|runtime|e4b619dc-697a-4cda-8d2a-e73f7a2646e0]    task.run_step(
[MFLOG|0|2026-04-19T02:04:05.337027Z|runtime|9dcc7a9d-2a49-451f-845a-29f82625d668]  File "/home/loother/cinvestav/cinvestav_machine_learning/.venv-jax-home/lib/python3.12/site-packages/metaflow/task.py", line 899, in run_step
[MFLOG|0|2026-04-19T02:04:05.337116Z|runtime|f5c65a10-21ec-495d-a629-bf3cc0703379]    self._exec_step_function(step_func, orig_step_func)
[MFLOG|0|2026-04-19T02:04:05.337231Z|runtime|2002c05a-99b3-420d-b5bb-6ca9ecea5790]  File "/home/loother/cinvestav/cinvestav_machine_learning/.venv-jax-home/lib/python3.12/site-packages/metaflow/task.py", line 147, in _exec_step_function
[MFLOG|0|2026-04-19T02:04:05.337333Z|runtime|a92305b7-55b9-49ef-a551-09a9c2e43e17]    raise raised_exception
[MFLOG|0|2026-04-19T02:04:05.337445Z|runtime|69370509-01a1-487d-aeda-d6bd03b60c8f]  File "/home/loother/cinvestav/cinvestav_machine_learning/.venv-jax-home/lib/python3.12/site-packages/metaflow/task.py", line 113, in _exec_step_function
[MFLOG|0|2026-04-19T02:04:05.337539Z|runtime|5dd9ebf6-a639-47ff-9bbe-3f0752acfedc]    step_function()
[MFLOG|0|2026-04-19T02:04:05.337685Z|runtime|6cd1915f-455a-4e85-ac08-8c17c2712615]  File "/home/loother/cinvestav/cinvestav_machine_learning/project/train_flow.py", line 87, in train_model
[MFLOG|0|2026-04-19T02:04:05.337817Z|runtime|359d75b5-ea93-47c2-87cb-2176de297cfd]    mlflow.set_experiment("Telco_Churn_Experiment")
[MFLOG|0|2026-04-19T02:04:05.337930Z|runtime|faf72e4a-17a6-4fd7-a524-112611648fae]  File "/home/loother/cinvestav/cinvestav_machine_learning/.venv-jax-home/lib/python3.12/site-packages/mlflow/tracking/fluent.py", line 190, in set_experiment
[MFLOG|0|2026-04-19T02:04:05.338066Z|runtime|13403794-19f2-4ef9-95b0-fde77ffeb90d]    client = TrackingServiceClient(_resolve_tracking_uri())
[MFLOG|0|2026-04-19T02:04:05.338189Z|runtime|e12f0429-0274-4371-bb7b-eb090d75ea72]             ^^^^^^^^^^^^^^^^^^^^^^^^^^^^^^^^^^^^^^^^^^^^^^
[MFLOG|0|2026-04-19T02:04:05.338289Z|runtime|7ced90f9-7d9a-4e19-901a-9eecbae76a4c]  File "/home/loother/cinvestav/cinvestav_machine_learning/.venv-jax-home/lib/python3.12/site-packages/mlflow/tracking/_tracking_service/client.py", line 99, in __init__
[MFLOG|0|2026-04-19T02:04:05.338385Z|runtime|11d7a093-af59-4fe8-83fc-fe3f7088c04b]    self.store
[MFLOG|0|2026-04-19T02:04:05.338496Z|runtime|053a96ca-217a-41a2-8543-25d933eca0d1]  File "/home/loother/cinvestav/cinvestav_machine_learning/.venv-jax-home/lib/python3.12/site-packages/mlflow/tracking/_tracking_service/client.py", line 103, in store
[MFLOG|0|2026-04-19T02:04:05.338614Z|runtime|9e12d071-c723-4919-919e-ed23b5bf5cda]    return utils._get_store(self.tracking_uri)
[MFLOG|0|2026-04-19T02:04:05.338708Z|runtime|70750699-dd64-45ef-a890-1c506df39033]           ^^^^^^^^^^^^^^^^^^^^^^^^^^^^^^^^^^^
[MFLOG|0|2026-04-19T02:04:05.338807Z|runtime|e235af22-2606-499e-af98-76706f752078]  File "/home/loother/cinvestav/cinvestav_machine_learning/.venv-jax-home/lib/python3.12/site-packages/mlflow/tracking/_tracking_service/utils.py", line 270, in _get_store
[MFLOG|0|2026-04-19T02:04:05.338920Z|runtime|ab166167-a77c-42c6-ae38-176d36ed77ae]    return _tracking_store_registry.get_store(store_uri, artifact_uri)
[MFLOG|0|2026-04-19T02:04:05.339021Z|runtime|58759151-4b43-4b5c-ad23-be37a17c87aa]           ^^^^^^^^^^^^^^^^^^^^^^^^^^^^^^^^^^^^^^^^^^^^^^^^^^^^^^^^^^^
[MFLOG|0|2026-04-19T02:04:05.339133Z|runtime|49f959f9-0f9d-4245-96c7-b2cef5040f6e]  File "/home/loother/cinvestav/cinvestav_machine_learning/.venv-jax-home/lib/python3.12/site-packages/mlflow/tracking/_tracking_service/registry.py", line 45, in get_store
[MFLOG|0|2026-04-19T02:04:05.339233Z|runtime|3e487d33-cf5c-40f7-ad92-bf474259c302]    return self._get_store_with_resolved_uri(resolved_store_uri, artifact_uri)
[MFLOG|0|2026-04-19T02:04:05.339322Z|runtime|6ddfa9b7-f5e9-4dd7-a5bc-6f80e51cff9b]           ^^^^^^^^^^^^^^^^^^^^^^^^^^^^^^^^^^^^^^^^^^^^^^^^^^^^^^^^^^^^^^^^^^^
[MFLOG|0|2026-04-19T02:04:05.339417Z|runtime|d7b2c77e-d769-4fa0-a9ce-5050ff4593eb]  File "/home/loother/cinvestav/cinvestav_machine_learning/.venv-jax-home/lib/python3.12/site-packages/mlflow/tracking/_tracking_service/registry.py", line 56, in _get_store_with_resolved_uri
[MFLOG|0|2026-04-19T02:04:05.339535Z|runtime|3da2bdcf-05f2-45ec-945f-cc0b992f28aa]    return builder(store_uri=resolved_store_uri, artifact_uri=artifact_uri)
[MFLOG|0|2026-04-19T02:04:05.339640Z|runtime|624f38db-2cc6-4228-95a2-b1dcfa6f635e]           ^^^^^^^^^^^^^^^^^^^^^^^^^^^^^^^^^^^^^^^^^^^^^^^^^^^^^^^^^^^^^^^^
[MFLOG|0|2026-04-19T02:04:05.867707Z|runtime|a56c22c5-6e55-4cde-b6c2-df7e592fe1c5]  File "/home/loother/cinvestav/cinvestav_machine_learning/.venv-jax-home/lib/python3.12/site-packages/mlflow/tracking/_tracking_service/utils.py", line 201, in _get_sqlalchemy_store
[MFLOG|0|2026-04-19T02:04:05.867910Z|runtime|ffece746-a8c7-44a6-93a7-61d301d6e95a]    return store_cls(store_uri, artifact_uri)
[MFLOG|0|2026-04-19T02:04:05.868016Z|runtime|11400593-f7ee-440b-a434-8d749625d879]           ^^^^^^^^^^^^^^^^^^^^^^^^^^^^^^^^^^
[MFLOG|0|2026-04-19T02:04:05.868106Z|runtime|941a2690-e929-4ff7-8c16-7e2ea78ce477]  File "/home/loother/cinvestav/cinvestav_machine_learning/.venv-jax-home/lib/python3.12/site-packages/mlflow/store/tracking/sqlalchemy_store.py", line 304, in __init__
[MFLOG|0|2026-04-19T02:04:05.868266Z|runtime|fd642d94-8194-48db-b42f-6fbcce576362]    mlflow.store.db.utils._verify_schema(self.engine)
[MFLOG|0|2026-04-19T02:04:05.868366Z|runtime|afae0d82-e06a-4627-a422-57b90c0712df]  File "/home/loother/cinvestav/cinvestav_machine_learning/.venv-jax-home/lib/python3.12/site-packages/mlflow/store/db/utils.py", line 159, in _verify_schema
[MFLOG|0|2026-04-19T02:04:05.868451Z|runtime|e092b71e-6505-4e4c-8d08-5f5e7ae4e6bf]    raise MlflowException(
[MFLOG|0|2026-04-19T02:04:05.868539Z|runtime|ec2e4a70-0d7a-4596-8c1d-03da178e16a7]mlflow.exceptions.MlflowException: Detected out-of-date database schema (found version c3d6457b6d8a, but expected 1b5f0d9ad7c1). Take a backup of your database, then run 'mlflow db upgrade <database_uri>' to migrate your database to the latest schema. NOTE: schema migration may result in database downtime - please consult your database's documentation for more detail.
[MFLOG|0|2026-04-19T02:04:05.868651Z|runtime|1f90eeae-fea8-4812-b1cc-961e10009f6e]
[MFLOG|0|2026-04-19T02:04:05.868975Z|runtime|006a5c92-6872-455b-80bc-4bf2a2913c67]Task failed.